  [1m[36m (2.7ms)[0m  [1mCREATE TABLE "schema_migrations" ("version" varchar(255) NOT NULL) [0m
  [1m[35m (1.4ms)[0m  CREATE UNIQUE INDEX "unique_schema_migrations" ON "schema_migrations" ("version")
  [1m[36mActiveRecord::SchemaMigration Load (0.1ms)[0m  [1mSELECT "schema_migrations".* FROM "schema_migrations"[0m
Migrating to CreateVideos (20131209144030)
  [1m[35m (0.2ms)[0m  begin transaction
  [1m[36m (0.8ms)[0m  [1mCREATE TABLE "videos" ("id" INTEGER PRIMARY KEY AUTOINCREMENT NOT NULL, "created_at" datetime, "updated_at" datetime) [0m
  [1m[35mSQL (0.4ms)[0m  INSERT INTO "schema_migrations" ("version") VALUES (?)  [["version", "20131209144030"]]
  [1m[36m (1.2ms)[0m  [1mcommit transaction[0m
Migrating to AddClipToVides (20131209145801)
  [1m[35m (0.1ms)[0m  begin transaction
  [1m[36m (0.5ms)[0m  [1mALTER TABLE "videos" ADD "clip_file_name" varchar(255)[0m
  [1m[35m (0.2ms)[0m  ALTER TABLE "videos" ADD "clip_content_type" varchar(255)
  [1m[36m (0.2ms)[0m  [1mALTER TABLE "videos" ADD "clip_file_size" integer[0m
  [1m[35m (0.2ms)[0m  ALTER TABLE "videos" ADD "clip_updated_at" datetime
  [1m[36mSQL (0.2ms)[0m  [1mINSERT INTO "schema_migrations" ("version") VALUES (?)[0m  [["version", "20131209145801"]]
  [1m[35m (1.3ms)[0m  commit transaction
  [1m[36mActiveRecord::SchemaMigration Load (0.1ms)[0m  [1mSELECT "schema_migrations".* FROM "schema_migrations"[0m
  [1m[36m (2.8ms)[0m  [1mCREATE TABLE "videos" ("id" INTEGER PRIMARY KEY AUTOINCREMENT NOT NULL, "created_at" datetime, "updated_at" datetime, "clip_file_name" varchar(255), "clip_content_type" varchar(255), "clip_file_size" integer, "clip_updated_at" datetime) [0m
  [1m[35m (1.4ms)[0m  CREATE TABLE "schema_migrations" ("version" varchar(255) NOT NULL) 
  [1m[36m (1.4ms)[0m  [1mCREATE UNIQUE INDEX "unique_schema_migrations" ON "schema_migrations" ("version")[0m
  [1m[35m (0.1ms)[0m  SELECT version FROM "schema_migrations"
  [1m[36m (1.4ms)[0m  [1mINSERT INTO "schema_migrations" (version) VALUES ('20131209145801')[0m
  [1m[35m (1.1ms)[0m  INSERT INTO "schema_migrations" (version) VALUES ('20131209144030')
  [1m[36mActiveRecord::SchemaMigration Load (0.1ms)[0m  [1mSELECT "schema_migrations".* FROM "schema_migrations"[0m
  [1m[36m (1.6ms)[0m  [1mCREATE TABLE "videos" ("id" INTEGER PRIMARY KEY AUTOINCREMENT NOT NULL, "created_at" datetime, "updated_at" datetime, "clip_file_name" varchar(255), "clip_content_type" varchar(255), "clip_file_size" integer, "clip_updated_at" datetime) [0m
  [1m[35m (2.3ms)[0m  CREATE TABLE "schema_migrations" ("version" varchar(255) NOT NULL) 
  [1m[36m (1.5ms)[0m  [1mCREATE UNIQUE INDEX "unique_schema_migrations" ON "schema_migrations" ("version")[0m
  [1m[35m (0.1ms)[0m  SELECT version FROM "schema_migrations"
  [1m[36m (1.4ms)[0m  [1mINSERT INTO "schema_migrations" (version) VALUES ('20131209145801')[0m
  [1m[35m (1.3ms)[0m  INSERT INTO "schema_migrations" (version) VALUES ('20131209144030')
  [1m[36mActiveRecord::SchemaMigration Load (0.1ms)[0m  [1mSELECT "schema_migrations".* FROM "schema_migrations"[0m
  [1m[36m (2.8ms)[0m  [1mCREATE TABLE "videos" ("id" INTEGER PRIMARY KEY AUTOINCREMENT NOT NULL, "created_at" datetime, "updated_at" datetime, "clip_file_name" varchar(255), "clip_content_type" varchar(255), "clip_file_size" integer, "clip_updated_at" datetime) [0m
  [1m[35m (1.4ms)[0m  CREATE TABLE "schema_migrations" ("version" varchar(255) NOT NULL) 
  [1m[36m (1.6ms)[0m  [1mCREATE UNIQUE INDEX "unique_schema_migrations" ON "schema_migrations" ("version")[0m
  [1m[35m (0.1ms)[0m  SELECT version FROM "schema_migrations"
  [1m[36m (1.3ms)[0m  [1mINSERT INTO "schema_migrations" (version) VALUES ('20131209145801')[0m
  [1m[35m (1.2ms)[0m  INSERT INTO "schema_migrations" (version) VALUES ('20131209144030')
  [1m[36mActiveRecord::SchemaMigration Load (0.1ms)[0m  [1mSELECT "schema_migrations".* FROM "schema_migrations"[0m
  [1m[36m (2.9ms)[0m  [1mCREATE TABLE "videos" ("id" INTEGER PRIMARY KEY AUTOINCREMENT NOT NULL, "created_at" datetime, "updated_at" datetime, "clip_file_name" varchar(255), "clip_content_type" varchar(255), "clip_file_size" integer, "clip_updated_at" datetime) [0m
  [1m[35m (1.5ms)[0m  CREATE TABLE "schema_migrations" ("version" varchar(255) NOT NULL) 
  [1m[36m (1.4ms)[0m  [1mCREATE UNIQUE INDEX "unique_schema_migrations" ON "schema_migrations" ("version")[0m
  [1m[35m (0.1ms)[0m  SELECT version FROM "schema_migrations"
  [1m[36m (1.2ms)[0m  [1mINSERT INTO "schema_migrations" (version) VALUES ('20131209145801')[0m
  [1m[35m (1.2ms)[0m  INSERT INTO "schema_migrations" (version) VALUES ('20131209144030')
  [1m[36mActiveRecord::SchemaMigration Load (0.1ms)[0m  [1mSELECT "schema_migrations".* FROM "schema_migrations"[0m
  [1m[36m (2.6ms)[0m  [1mCREATE TABLE "videos" ("id" INTEGER PRIMARY KEY AUTOINCREMENT NOT NULL, "created_at" datetime, "updated_at" datetime, "clip_file_name" varchar(255), "clip_content_type" varchar(255), "clip_file_size" integer, "clip_updated_at" datetime) [0m
  [1m[35m (1.4ms)[0m  CREATE TABLE "schema_migrations" ("version" varchar(255) NOT NULL) 
  [1m[36m (1.3ms)[0m  [1mCREATE UNIQUE INDEX "unique_schema_migrations" ON "schema_migrations" ("version")[0m
  [1m[35m (0.1ms)[0m  SELECT version FROM "schema_migrations"
  [1m[36m (1.2ms)[0m  [1mINSERT INTO "schema_migrations" (version) VALUES ('20131209145801')[0m
  [1m[35m (1.1ms)[0m  INSERT INTO "schema_migrations" (version) VALUES ('20131209144030')
  [1m[36mActiveRecord::SchemaMigration Load (0.1ms)[0m  [1mSELECT "schema_migrations".* FROM "schema_migrations"[0m
  [1m[36m (2.7ms)[0m  [1mCREATE TABLE "videos" ("id" INTEGER PRIMARY KEY AUTOINCREMENT NOT NULL, "created_at" datetime, "updated_at" datetime, "clip_file_name" varchar(255), "clip_content_type" varchar(255), "clip_file_size" integer, "clip_updated_at" datetime) [0m
  [1m[35m (1.6ms)[0m  CREATE TABLE "schema_migrations" ("version" varchar(255) NOT NULL) 
  [1m[36m (1.4ms)[0m  [1mCREATE UNIQUE INDEX "unique_schema_migrations" ON "schema_migrations" ("version")[0m
  [1m[35m (0.1ms)[0m  SELECT version FROM "schema_migrations"
  [1m[36m (1.2ms)[0m  [1mINSERT INTO "schema_migrations" (version) VALUES ('20131209145801')[0m
  [1m[35m (1.3ms)[0m  INSERT INTO "schema_migrations" (version) VALUES ('20131209144030')
  [1m[36mActiveRecord::SchemaMigration Load (0.1ms)[0m  [1mSELECT "schema_migrations".* FROM "schema_migrations"[0m
  [1m[36mVideo Load (8.1ms)[0m  [1mSELECT "videos".* FROM "videos"[0m
  [1m[35mVideo Load (0.4ms)[0m  SELECT "videos".* FROM "videos" ORDER BY "videos"."id" ASC LIMIT 1
  [1m[36m (2.9ms)[0m  [1mCREATE TABLE "videos" ("id" INTEGER PRIMARY KEY AUTOINCREMENT NOT NULL, "created_at" datetime, "updated_at" datetime, "clip_file_name" varchar(255), "clip_content_type" varchar(255), "clip_file_size" integer, "clip_updated_at" datetime) [0m
  [1m[35m (1.3ms)[0m  CREATE TABLE "schema_migrations" ("version" varchar(255) NOT NULL) 
  [1m[36m (1.3ms)[0m  [1mCREATE UNIQUE INDEX "unique_schema_migrations" ON "schema_migrations" ("version")[0m
  [1m[35m (0.1ms)[0m  SELECT version FROM "schema_migrations"
  [1m[36m (1.2ms)[0m  [1mINSERT INTO "schema_migrations" (version) VALUES ('20131209145801')[0m
  [1m[35m (1.2ms)[0m  INSERT INTO "schema_migrations" (version) VALUES ('20131209144030')
  [1m[36mActiveRecord::SchemaMigration Load (0.1ms)[0m  [1mSELECT "schema_migrations".* FROM "schema_migrations"[0m
  [1m[36m (2.9ms)[0m  [1mCREATE TABLE "videos" ("id" INTEGER PRIMARY KEY AUTOINCREMENT NOT NULL, "created_at" datetime, "updated_at" datetime, "clip_file_name" varchar(255), "clip_content_type" varchar(255), "clip_file_size" integer, "clip_updated_at" datetime) [0m
  [1m[35m (1.9ms)[0m  CREATE TABLE "schema_migrations" ("version" varchar(255) NOT NULL) 
  [1m[36m (1.4ms)[0m  [1mCREATE UNIQUE INDEX "unique_schema_migrations" ON "schema_migrations" ("version")[0m
  [1m[35m (0.1ms)[0m  SELECT version FROM "schema_migrations"
  [1m[36m (1.2ms)[0m  [1mINSERT INTO "schema_migrations" (version) VALUES ('20131209145801')[0m
  [1m[35m (1.2ms)[0m  INSERT INTO "schema_migrations" (version) VALUES ('20131209144030')
  [1m[36mActiveRecord::SchemaMigration Load (0.1ms)[0m  [1mSELECT "schema_migrations".* FROM "schema_migrations"[0m
  [1m[36m (2.8ms)[0m  [1mCREATE TABLE "videos" ("id" INTEGER PRIMARY KEY AUTOINCREMENT NOT NULL, "created_at" datetime, "updated_at" datetime, "clip_file_name" varchar(255), "clip_content_type" varchar(255), "clip_file_size" integer, "clip_updated_at" datetime) [0m
  [1m[35m (1.3ms)[0m  CREATE TABLE "schema_migrations" ("version" varchar(255) NOT NULL) 
  [1m[36m (1.3ms)[0m  [1mCREATE UNIQUE INDEX "unique_schema_migrations" ON "schema_migrations" ("version")[0m
  [1m[35m (0.1ms)[0m  SELECT version FROM "schema_migrations"
  [1m[36m (1.2ms)[0m  [1mINSERT INTO "schema_migrations" (version) VALUES ('20131209145801')[0m
  [1m[35m (1.2ms)[0m  INSERT INTO "schema_migrations" (version) VALUES ('20131209144030')
  [1m[36mActiveRecord::SchemaMigration Load (0.1ms)[0m  [1mSELECT "schema_migrations".* FROM "schema_migrations"[0m
  [1m[36mActiveRecord::SchemaMigration Load (0.6ms)[0m  [1mSELECT "schema_migrations".* FROM "schema_migrations"[0m
Migrating to AddWorngClipToVideo (20131210102836)
  [1m[35m (0.1ms)[0m  begin transaction
  [1m[36m (0.6ms)[0m  [1mALTER TABLE "videos" ADD "wrongClip_file_name" varchar(255)[0m
  [1m[35m (0.2ms)[0m  ALTER TABLE "videos" ADD "wrongClip_content_type" varchar(255)
  [1m[36m (0.2ms)[0m  [1mALTER TABLE "videos" ADD "wrongClip_file_size" integer[0m
  [1m[35m (0.2ms)[0m  ALTER TABLE "videos" ADD "wrongClip_updated_at" datetime
  [1m[36mSQL (0.3ms)[0m  [1mINSERT INTO "schema_migrations" ("version") VALUES (?)[0m  [["version", "20131210102836"]]
  [1m[35m (1.1ms)[0m  commit transaction
  [1m[36mActiveRecord::SchemaMigration Load (0.2ms)[0m  [1mSELECT "schema_migrations".* FROM "schema_migrations"[0m
  [1m[36m (2.8ms)[0m  [1mCREATE TABLE "schema_migrations" ("version" varchar(255) NOT NULL) [0m
  [1m[35m (1.4ms)[0m  CREATE UNIQUE INDEX "unique_schema_migrations" ON "schema_migrations" ("version")
  [1m[36mActiveRecord::SchemaMigration Load (0.1ms)[0m  [1mSELECT "schema_migrations".* FROM "schema_migrations"[0m
Migrating to CreateVideos (20131209144030)
  [1m[35m (0.2ms)[0m  begin transaction
  [1m[36m (0.7ms)[0m  [1mCREATE TABLE "videos" ("id" INTEGER PRIMARY KEY AUTOINCREMENT NOT NULL, "created_at" datetime, "updated_at" datetime) [0m
  [1m[35mSQL (0.2ms)[0m  INSERT INTO "schema_migrations" ("version") VALUES (?)  [["version", "20131209144030"]]
  [1m[36m (1.6ms)[0m  [1mcommit transaction[0m
Migrating to AddClipToVides (20131209145801)
  [1m[35m (0.1ms)[0m  begin transaction
  [1m[36m (0.4ms)[0m  [1mALTER TABLE "videos" ADD "clip_file_name" varchar(255)[0m
  [1m[35m (0.2ms)[0m  ALTER TABLE "videos" ADD "clip_content_type" varchar(255)
  [1m[36m (0.2ms)[0m  [1mALTER TABLE "videos" ADD "clip_file_size" integer[0m
  [1m[35m (0.1ms)[0m  ALTER TABLE "videos" ADD "clip_updated_at" datetime
  [1m[36mSQL (0.2ms)[0m  [1mINSERT INTO "schema_migrations" ("version") VALUES (?)[0m  [["version", "20131209145801"]]
  [1m[35m (1.2ms)[0m  commit transaction
Migrating to AddWorngClipToVideo (20131210102836)
  [1m[36m (0.1ms)[0m  [1mbegin transaction[0m
  [1m[35m (0.4ms)[0m  ALTER TABLE "videos" ADD "wrongClip_file_name" varchar(255)
  [1m[36m (0.1ms)[0m  [1mALTER TABLE "videos" ADD "wrongClip_content_type" varchar(255)[0m
  [1m[35m (0.1ms)[0m  ALTER TABLE "videos" ADD "wrongClip_file_size" integer
  [1m[36m (0.1ms)[0m  [1mALTER TABLE "videos" ADD "wrongClip_updated_at" datetime[0m
  [1m[35mSQL (0.1ms)[0m  INSERT INTO "schema_migrations" ("version") VALUES (?)  [["version", "20131210102836"]]
  [1m[36m (1.3ms)[0m  [1mcommit transaction[0m
  [1m[35mActiveRecord::SchemaMigration Load (0.1ms)[0m  SELECT "schema_migrations".* FROM "schema_migrations"
  [1m[36m (1.7ms)[0m  [1mCREATE TABLE "videos" ("id" INTEGER PRIMARY KEY AUTOINCREMENT NOT NULL, "created_at" datetime, "updated_at" datetime, "clip_file_name" varchar(255), "clip_content_type" varchar(255), "clip_file_size" integer, "clip_updated_at" datetime, "wrongClip_file_name" varchar(255), "wrongClip_content_type" varchar(255), "wrongClip_file_size" integer, "wrongClip_updated_at" datetime) [0m
  [1m[35m (1.5ms)[0m  CREATE TABLE "schema_migrations" ("version" varchar(255) NOT NULL) 
  [1m[36m (1.4ms)[0m  [1mCREATE UNIQUE INDEX "unique_schema_migrations" ON "schema_migrations" ("version")[0m
  [1m[35m (0.1ms)[0m  SELECT version FROM "schema_migrations"
  [1m[36m (1.4ms)[0m  [1mINSERT INTO "schema_migrations" (version) VALUES ('20131210102836')[0m
  [1m[35m (1.3ms)[0m  INSERT INTO "schema_migrations" (version) VALUES ('20131209144030')
  [1m[36m (1.2ms)[0m  [1mINSERT INTO "schema_migrations" (version) VALUES ('20131209145801')[0m
  [1m[36mActiveRecord::SchemaMigration Load (0.7ms)[0m  [1mSELECT "schema_migrations".* FROM "schema_migrations"[0m
Migrating to AddThumbOptionsToVideo (20131210144101)
  [1m[35m (0.1ms)[0m  begin transaction
  [1m[36m (0.5ms)[0m  [1mALTER TABLE "videos" ADD "clip_thumb_exceed_file_name" varchar(255)[0m
  [1m[35m (0.1ms)[0m  ALTER TABLE "videos" ADD "clip_thumb_exceed_content_type" varchar(255)
  [1m[36m (0.1ms)[0m  [1mALTER TABLE "videos" ADD "clip_thumb_exceed_file_size" integer[0m
  [1m[35m (0.1ms)[0m  ALTER TABLE "videos" ADD "clip_thumb_exceed_updated_at" datetime
  [1m[36m (0.1ms)[0m  [1mALTER TABLE "videos" ADD "clip_thumb_normal_file_name" varchar(255)[0m
  [1m[35m (0.1ms)[0m  ALTER TABLE "videos" ADD "clip_thumb_normal_content_type" varchar(255)
  [1m[36m (0.1ms)[0m  [1mALTER TABLE "videos" ADD "clip_thumb_normal_file_size" integer[0m
  [1m[35m (0.1ms)[0m  ALTER TABLE "videos" ADD "clip_thumb_normal_updated_at" datetime
  [1m[36m (0.2ms)[0m  [1mALTER TABLE "videos" ADD "clip_thumb_negative_file_name" varchar(255)[0m
  [1m[35m (0.1ms)[0m  ALTER TABLE "videos" ADD "clip_thumb_negative_content_type" varchar(255)
  [1m[36m (0.1ms)[0m  [1mALTER TABLE "videos" ADD "clip_thumb_negative_file_size" integer[0m
  [1m[35m (0.1ms)[0m  ALTER TABLE "videos" ADD "clip_thumb_negative_updated_at" datetime
  [1m[36m (0.2ms)[0m  [1mALTER TABLE "videos" ADD "clip_thumb_bad_extension_file_name" varchar(255)[0m
  [1m[35m (0.1ms)[0m  ALTER TABLE "videos" ADD "clip_thumb_bad_extension_content_type" varchar(255)
  [1m[36m (0.1ms)[0m  [1mALTER TABLE "videos" ADD "clip_thumb_bad_extension_file_size" integer[0m
  [1m[35m (0.2ms)[0m  ALTER TABLE "videos" ADD "clip_thumb_bad_extension_updated_at" datetime
  [1m[36mSQL (0.3ms)[0m  [1mINSERT INTO "schema_migrations" ("version") VALUES (?)[0m  [["version", "20131210144101"]]
  [1m[35m (1.4ms)[0m  commit transaction
  [1m[36mActiveRecord::SchemaMigration Load (0.1ms)[0m  [1mSELECT "schema_migrations".* FROM "schema_migrations"[0m
  [1m[36m (1.7ms)[0m  [1mCREATE TABLE "videos" ("id" INTEGER PRIMARY KEY AUTOINCREMENT NOT NULL, "created_at" datetime, "updated_at" datetime, "clip_file_name" varchar(255), "clip_content_type" varchar(255), "clip_file_size" integer, "clip_updated_at" datetime, "wrongClip_file_name" varchar(255), "wrongClip_content_type" varchar(255), "wrongClip_file_size" integer, "wrongClip_updated_at" datetime, "clip_thumb_exceed_file_name" varchar(255), "clip_thumb_exceed_content_type" varchar(255), "clip_thumb_exceed_file_size" integer, "clip_thumb_exceed_updated_at" datetime, "clip_thumb_normal_file_name" varchar(255), "clip_thumb_normal_content_type" varchar(255), "clip_thumb_normal_file_size" integer, "clip_thumb_normal_updated_at" datetime, "clip_thumb_negative_file_name" varchar(255), "clip_thumb_negative_content_type" varchar(255), "clip_thumb_negative_file_size" integer, "clip_thumb_negative_updated_at" datetime, "clip_thumb_bad_extension_file_name" varchar(255), "clip_thumb_bad_extension_content_type" varchar(255), "clip_thumb_bad_extension_file_size" integer, "clip_thumb_bad_extension_updated_at" datetime) [0m
  [1m[35m (2.1ms)[0m  CREATE TABLE "schema_migrations" ("version" varchar(255) NOT NULL) 
  [1m[36m (1.3ms)[0m  [1mCREATE UNIQUE INDEX "unique_schema_migrations" ON "schema_migrations" ("version")[0m
  [1m[35m (0.1ms)[0m  SELECT version FROM "schema_migrations"
  [1m[36m (1.3ms)[0m  [1mINSERT INTO "schema_migrations" (version) VALUES ('20131210144101')[0m
  [1m[35m (1.3ms)[0m  INSERT INTO "schema_migrations" (version) VALUES ('20131209144030')
  [1m[36m (1.2ms)[0m  [1mINSERT INTO "schema_migrations" (version) VALUES ('20131209145801')[0m
  [1m[35m (1.4ms)[0m  INSERT INTO "schema_migrations" (version) VALUES ('20131210102836')
